Determining if the pthread_create exist failed with the following output:
Change Dir: /home/abhi/Documents/Computational Aspects of Robotics/lab1/Robotics_Lab1/lab2/simulation_ws/build/CMakeFiles/CMakeTmp

Run Build Command:"/usr/bin/make" "cmTC_26ecf/fast"
/usr/bin/make -f CMakeFiles/cmTC_26ecf.dir/build.make CMakeFiles/cmTC_26ecf.dir/build
make[1]: Entering directory '/home/abhi/Documents/Computational Aspects of Robotics/lab1/Robotics_Lab1/lab2/simulation_ws/build/CMakeFiles/CMakeTmp'
Building C object CMakeFiles/cmTC_26ecf.dir/CheckSymbolExists.c.o
/usr/bin/cc     -o CMakeFiles/cmTC_26ecf.dir/CheckSymbolExists.c.o   -c "/home/abhi/Documents/Computational Aspects of Robotics/lab1/Robotics_Lab1/lab2/simulation_ws/build/CMakeFiles/CMakeTmp/CheckSymbolExists.c"
Linking C executable cmTC_26ecf
/usr/bin/cmake -E cmake_link_script CMakeFiles/cmTC_26ecf.dir/link.txt --verbose=1
/usr/bin/cc       CMakeFiles/cmTC_26ecf.dir/CheckSymbolExists.c.o  -o cmTC_26ecf -rdynamic 
CMakeFiles/cmTC_26ecf.dir/CheckSymbolExists.c.o: In function `main':
CheckSymbolExists.c:(.text+0x16): undefined reference to `pthread_create'
collect2: error: ld returned 1 exit status
CMakeFiles/cmTC_26ecf.dir/build.make:97: recipe for target 'cmTC_26ecf' failed
make[1]: *** [cmTC_26ecf] Error 1
make[1]: Leaving directory '/home/abhi/Documents/Computational Aspects of Robotics/lab1/Robotics_Lab1/lab2/simulation_ws/build/CMakeFiles/CMakeTmp'
Makefile:126: recipe for target 'cmTC_26ecf/fast' failed
make: *** [cmTC_26ecf/fast] Error 2

File /home/abhi/Documents/Computational Aspects of Robotics/lab1/Robotics_Lab1/lab2/simulation_ws/build/CMakeFiles/CMakeTmp/CheckSymbolExists.c:
/* */
#include <pthread.h>

int main(int argc, char** argv)
{
  (void)argv;
#ifndef pthread_create
  return ((int*)(&pthread_create))[argc];
#else
  (void)argc;
  return 0;
#endif
}

Determining if the function pthread_create exists in the pthreads failed with the following output:
Change Dir: /home/abhi/Documents/Computational Aspects of Robotics/lab1/Robotics_Lab1/lab2/simulation_ws/build/CMakeFiles/CMakeTmp

Run Build Command:"/usr/bin/make" "cmTC_cf36e/fast"
/usr/bin/make -f CMakeFiles/cmTC_cf36e.dir/build.make CMakeFiles/cmTC_cf36e.dir/build
make[1]: Entering directory '/home/abhi/Documents/Computational Aspects of Robotics/lab1/Robotics_Lab1/lab2/simulation_ws/build/CMakeFiles/CMakeTmp'
Building C object CMakeFiles/cmTC_cf36e.dir/CheckFunctionExists.c.o
/usr/bin/cc    -DCHECK_FUNCTION_EXISTS=pthread_create   -o CMakeFiles/cmTC_cf36e.dir/CheckFunctionExists.c.o   -c /usr/share/cmake-3.5/Modules/CheckFunctionExists.c
Linking C executable cmTC_cf36e
/usr/bin/cmake -E cmake_link_script CMakeFiles/cmTC_cf36e.dir/link.txt --verbose=1
/usr/bin/cc   -DCHECK_FUNCTION_EXISTS=pthread_create    CMakeFiles/cmTC_cf36e.dir/CheckFunctionExists.c.o  -o cmTC_cf36e -rdynamic -lpthreads 
/usr/bin/ld: cannot find -lpthreads
collect2: error: ld returned 1 exit status
CMakeFiles/cmTC_cf36e.dir/build.make:97: recipe for target 'cmTC_cf36e' failed
make[1]: *** [cmTC_cf36e] Error 1
make[1]: Leaving directory '/home/abhi/Documents/Computational Aspects of Robotics/lab1/Robotics_Lab1/lab2/simulation_ws/build/CMakeFiles/CMakeTmp'
Makefile:126: recipe for target 'cmTC_cf36e/fast' failed
make: *** [cmTC_cf36e/fast] Error 2


