Determining if the pthread_create exist failed with the following output:
Change Dir: /home/abhi/Documents/Computational Aspects of Robotics/lab1/Robotics_Lab1/lab2/catkin_ws/build/CMakeFiles/CMakeTmp

Run Build Command:"/usr/bin/make" "cmTC_4ee44/fast"
/usr/bin/make -f CMakeFiles/cmTC_4ee44.dir/build.make CMakeFiles/cmTC_4ee44.dir/build
make[1]: Entering directory '/home/abhi/Documents/Computational Aspects of Robotics/lab1/Robotics_Lab1/lab2/catkin_ws/build/CMakeFiles/CMakeTmp'
Building C object CMakeFiles/cmTC_4ee44.dir/CheckSymbolExists.c.o
/usr/bin/cc     -o CMakeFiles/cmTC_4ee44.dir/CheckSymbolExists.c.o   -c "/home/abhi/Documents/Computational Aspects of Robotics/lab1/Robotics_Lab1/lab2/catkin_ws/build/CMakeFiles/CMakeTmp/CheckSymbolExists.c"
Linking C executable cmTC_4ee44
/usr/bin/cmake -E cmake_link_script CMakeFiles/cmTC_4ee44.dir/link.txt --verbose=1
/usr/bin/cc       CMakeFiles/cmTC_4ee44.dir/CheckSymbolExists.c.o  -o cmTC_4ee44 -rdynamic 
CMakeFiles/cmTC_4ee44.dir/CheckSymbolExists.c.o: In function `main':
CheckSymbolExists.c:(.text+0x16): undefined reference to `pthread_create'
collect2: error: ld returned 1 exit status
CMakeFiles/cmTC_4ee44.dir/build.make:97: recipe for target 'cmTC_4ee44' failed
make[1]: *** [cmTC_4ee44] Error 1
make[1]: Leaving directory '/home/abhi/Documents/Computational Aspects of Robotics/lab1/Robotics_Lab1/lab2/catkin_ws/build/CMakeFiles/CMakeTmp'
Makefile:126: recipe for target 'cmTC_4ee44/fast' failed
make: *** [cmTC_4ee44/fast] Error 2

File /home/abhi/Documents/Computational Aspects of Robotics/lab1/Robotics_Lab1/lab2/catkin_ws/build/CMakeFiles/CMakeTmp/CheckSymbolExists.c:
/* */
#include <pthread.h>

int main(int argc, char** argv)
{
  (void)argv;
#ifndef pthread_create
  return ((int*)(&pthread_create))[argc];
#else
  (void)argc;
  return 0;
#endif
}

Determining if the function pthread_create exists in the pthreads failed with the following output:
Change Dir: /home/abhi/Documents/Computational Aspects of Robotics/lab1/Robotics_Lab1/lab2/catkin_ws/build/CMakeFiles/CMakeTmp

Run Build Command:"/usr/bin/make" "cmTC_697ce/fast"
/usr/bin/make -f CMakeFiles/cmTC_697ce.dir/build.make CMakeFiles/cmTC_697ce.dir/build
make[1]: Entering directory '/home/abhi/Documents/Computational Aspects of Robotics/lab1/Robotics_Lab1/lab2/catkin_ws/build/CMakeFiles/CMakeTmp'
Building C object CMakeFiles/cmTC_697ce.dir/CheckFunctionExists.c.o
/usr/bin/cc    -DCHECK_FUNCTION_EXISTS=pthread_create   -o CMakeFiles/cmTC_697ce.dir/CheckFunctionExists.c.o   -c /usr/share/cmake-3.5/Modules/CheckFunctionExists.c
Linking C executable cmTC_697ce
/usr/bin/cmake -E cmake_link_script CMakeFiles/cmTC_697ce.dir/link.txt --verbose=1
/usr/bin/cc   -DCHECK_FUNCTION_EXISTS=pthread_create    CMakeFiles/cmTC_697ce.dir/CheckFunctionExists.c.o  -o cmTC_697ce -rdynamic -lpthreads 
/usr/bin/ld: cannot find -lpthreads
collect2: error: ld returned 1 exit status
CMakeFiles/cmTC_697ce.dir/build.make:97: recipe for target 'cmTC_697ce' failed
make[1]: *** [cmTC_697ce] Error 1
make[1]: Leaving directory '/home/abhi/Documents/Computational Aspects of Robotics/lab1/Robotics_Lab1/lab2/catkin_ws/build/CMakeFiles/CMakeTmp'
Makefile:126: recipe for target 'cmTC_697ce/fast' failed
make: *** [cmTC_697ce/fast] Error 2


